Player Name          Place     RD1  RD2  RD3  RD4  TOTAL     Money Won
-----------------------------------------------------------------------
P44                  1         0    1    0    1    2         $  7504.17
P49                  2         0    0    3    0    3         $ 60867.19
P59                  3         2    0    0    3    5         $ 55864.41
P131                 4         3    0    5    0    8         $ 43357.45
P75                  5T        8    0    1    0    9         $ 90883.89
P8                   5T        4    0    5    0    9         $ 90883.89
P86                  5T        0    0    3    6    9         $ 90883.89
P0                   8T        6    0    4    0    10        $ 40856.06
P118                 8T        9    0    0    1    10        $ 40856.06
P29                  8T        1    8    1    0    10        $ 40856.06
P66                  8T        0    2    8    0    10        $ 40856.06
P81                  8T        3    2    0    5    10        $ 40856.06
P127                 13T       6    0    1    4    11        $ 68037.85
P31                  13T       2    1    4    4    11        $ 68037.85
P73                  13T       1    3    2    5    11        $ 68037.85
P85                  13T       1    4    1    5    11        $ 68037.85
P97                  13T       4    1    1    5    11        $ 68037.85
P114                 18T       0    6    0    6    12        $ 71058.05
P115                 18T       4    2    4    2    12        $ 71058.05
P117                 18T       6    2    4    0    12        $ 71058.05
P139                 18T       0    4    1    7    12        $ 71058.05
P14                  18T       5    3    2    2    12        $ 71058.05
P26                  18T       9    0    2    1    12        $ 71058.05
P28                  18T       3    3    3    3    12        $ 71058.05
P45                  18T       1    2    4    5    12        $ 71058.05
P82                  18T       1    3    4    4    12        $ 71058.05
P100                 27T       3    1    2    7    13        $ 40578.13
P111                 27T       1    7    0    5    13        $ 40578.13
P32                  27T       3    0    3    7    13        $ 40578.13
P35                  27T       1    2    3    7    13        $ 40578.13
P42                  27T       2    2    1    8    13        $ 40578.13
P72                  27T       5    2    1    5    13        $ 40578.13
P11                  33T       3    6    1    4    14        $ 44191.25
P123                 33T       1    4    5    4    14        $ 44191.25
P83                  33T       0    7    6    1    14        $ 44191.25
P104                 36T       6    2    4    3    15        $ 46275.74
P107                 36T       1    6    7    1    15        $ 46275.74
P109                 36T       4    2    0    9    15        $ 46275.74
P20                  36T       7    2    0    6    15        $ 46275.74
P15                  40T       3    1    3    9    16        $ 53029.50
P16                  40T       5    4    0    7    16        $ 53029.50
P24                  40T       4    1    4    7    16        $ 53029.50
P25                  40T       3    6    6    1    16        $ 53029.50
P88                  40T       5    3    2    6    16        $ 53029.50
P103                 45T       5    1    3    8    17        $ 94933.76
P106                 45T       7    1    4    5    17        $ 94933.76
P126                 45T       1    2    8    6    17        $ 94933.76
P18                  45T       3    6    5    3    17        $ 94933.76
P64                  45T       3    5    1    8    17        $ 94933.76
P71                  45T       1    6    7    3    17        $ 94933.76
P80                  45T       4    3    1    9    17        $ 94933.76
P129                 52T       0    7    4    7    18        $ 50444.73
P79                  52T       1    7    2    8    18        $ 50444.73
P91*                 52        8    1    0    9    18
P113                 55        4    0    9    6    19        $ 31684.29
P41*                 55        4    1    5    9    19
P138                 57T       4    5    5    6    20        $ 32934.99
P30                  57T       8    0    6    6    20        $ 32934.99
P48                  57T       2    7    5    6    20        $ 32934.99
P50                  57T       5    0    9    6    20        $ 32934.99
P6                   57T       8    0    6    6    20        $ 32934.99
P63                  57T       3    6    3    8    20        $ 32934.99
P76                  57T       6    3    6    5    20        $ 32934.99
P92                  57T       8    1    2    9    20        $ 32934.99
P95                  57T       0    8    6    6    20        $ 32934.99
P98                  57T       6    0    8    6    20        $ 32934.99
P121                 67T       0    9    4    8    21        $ 72540.35
P122                 67T       1    7    9    4    21        $ 72540.35
P135                 67T       0    5    8    8    21        $ 72540.35
P19                  67T       0    9    8    4    21        $ 72540.35
P27*                 67        5    3    9    4    21
P9*                  67        6    1    5    9    21
P23                  73        1    4    9    9    23        $ 14174.55
P102                 74T       2    5    9    8    24        $891329.18
P140                 74T       2    5    9    8    24        $891329.18
P141                 74T       2    5    9    8    24        $891329.18
P142                 74T       2    5    9    8    24        $891329.18
P143                 74T       2    5    9    8    24        $891329.18
P21                  79        8    1    8    8    25
P58*                 79        7    1    8    9    25
P3                             0    9    0         DQ

Player Name          Place     RD1  RD2  RD3  RD4  TOTAL     Money Won
-----------------------------------------------------------------------
P44                  1         2    2    1    1    6         $  8066.81
P60*                 1         1    0    5    0    6
P39                  3T        3    1    2    1    7         $ 28600.52
P79                  3T        1    2    1    3    7         $ 28600.52
P31                  5         0    2    1    6    9         $ 42534.11
P137                 6         5    0    5    0    10        $ 41067.41
P121                 7T        1    2    7    1    11        $ 27867.17
P23                  7T        4    0    5    2    11        $ 27867.17
P48                  7T        6    2    1    2    11        $ 27867.17
P69                  7T        5    5    1    0    11        $ 27867.17
P94*                 7         1    0    8    2    11
P11                  12T       3    3    5    1    12        $ 25483.80
P112                 12T       4    2    5    1    12        $ 25483.80
P115                 12T       5    2    5    0    12        $ 25483.80
P122                 12T       1    3    0    8    12        $ 25483.80
P58                  12T       0    0    7    5    12        $ 25483.80
P67                  12T       6    2    3    1    12        $ 25483.80
P1                   18T       3    5    1    4    13        $ 26074.55
P114                 18T       2    4    0    7    13        $ 26074.55
P25*                 18        1    4    3    5    13
P30                  18T       3    0    8    2    13        $ 26074.55
P49                  18T       1    9    0    3    13        $ 26074.55
P59                  18T       6    4    3    0    13        $ 26074.55
P70                  18T       4    0    9    0    13        $ 26074.55
P76                  18T       4    3    4    2    13        $ 26074.55
P80                  18T       1    6    6    0    13        $ 26074.55
P96                  18T       0    4    5    4    13        $ 26074.55
P131                 28T       9    1    4    0    14        $ 26505.24
P14*                 28        3    3    2    6    14
P21                  28T       2    0    3    9    14        $ 26505.24
P24                  28T       1    0    8    5    14        $ 26505.24
P54                  28T       0    3    9    2    14        $ 26505.24
P65                  28T       1    3    6    4    14        $ 26505.24
P66                  28T       1    3    1    9    14        $ 26505.24
P68                  28T       4    4    3    3    14        $ 26505.24
P128*                36        2    5    6    2    15
P74                  36        2    5    5    3    15        $ 15400.28
P110                 38T       2    0    6    8    16        $ 12466.89
P127*                38        5    2    0    9    16
P99                  38T       0    2    6    8    16        $ 12466.89
P129                 41T       7    2    0    8    17        $ 28692.19
P46                  41T       0    7    5    5    17        $ 28692.19
P51*                 41        4    2    6    5    17
P73                  41T       9    0    8    0    17        $ 28692.19
P91                  41T       3    2    4    8    17        $ 28692.19
P102                 46T       0    5    6    7    18        $ 21267.05
P126                 46T       1    5    8    4    18        $ 21267.05
P135                 46T       4    6    7    1    18        $ 21267.05
P4*                  46        0    4    8    6    18
P47*                 46        0    5    8    5    18
P86                  46T       0    5    4    9    18        $ 21267.05
P139                 52        5    4    3    7    19        $ 49500.90
P64*                 52        1    8    6    4    19
P105*                54        4    3    5    8    20
P116*                54        3    7    3    7    20
P125                 54T       9    0    4    7    20        $ 31717.24
P33                  54T       1    2    8    9    20        $ 31717.24
P34                  58T       2    4    9    6    21        $ 27317.16
P55                  58T       5    3    7    6    21        $ 27317.16
P7*                  58        1    9    2    9    21
P2*                  61        6    4    5    7    22
P28                  61        8    1    5    8    22        $ 50967.59
P43*                 61        0    8    7    7    22
P120*                64        0    8    6    9    23
P82                  65        5    3    8    8    24        $ 48400.88
P41                  66        9    1    7    8    25        $ 28233.85
P119                           1    1    7         DQ
P93                            6    4    7         DQ
P19                            5    4    9         DQ
P12                            2    3              DQ
P5                             0    5              DQ
P10                            1    7              DQ
P26                            6    4              DQ
